🚀 Starting JollyPad Launcher...
🧹 Cleaning up old processes...
👻 Starting catacomb...
[2m2026-02-01T14:37:02.510836Z[0m [32m INFO[0m [2mcatacomb[0m[2m:[0m [2m53:[0m 🚀 Catacomb v1.0.6 starting...
[2m2026-02-01T14:37:02.513005Z[0m [32m INFO[0m [2mcatacomb::backend::udev[0m[2m:[0m [2m83:[0m 🚀 Catacomb UDEV starting
[2m2026-02-01T14:37:02.672722Z[0m [32m INFO[0m [2msmithay::backend::libinput[0m[2m:[0m [2m43:[0m Initializing a libinput backend
[2m2026-02-01T14:37:02.674610Z[0m [32m INFO[0m [2msmithay::wayland::socket[0m[2m:[0m [2m82:[0m Created new socket [3mname[0m[2m=[0mSome("wayland-0")
[2m2026-02-01T14:37:02.675008Z[0m [32m INFO[0m [2mcatacomb::state[0m[2m:[0m [2m202:[0m Wayland socket: wayland-0
[2m2026-02-01T14:37:02.675798Z[0m [32m INFO[0m [1minput_seat[0m[1m{[0m[3mname[0m[2m=[0m"seat0"[1m}[0m[2m:[0m[1madd_keyboard[0m[1m{[0m[3mxkb_config[0m[2m=[0mXkbConfig { rules: "", model: "", layout: "", variant: "", options: None } [3mrepeat_delay[0m[2m=[0m200 [3mrepeat_rate[0m[2m=[0m25[1m}[0m[2m:[0m[1minput_keyboard[0m[2m:[0m [2msmithay::input::keyboard[0m[2m:[0m [2m672:[0m Initializing a xkbcommon handler with keymap query
[2m2026-02-01T14:37:02.688128Z[0m [32m INFO[0m [1minput_seat[0m[1m{[0m[3mname[0m[2m=[0m"seat0"[1m}[0m[2m:[0m[1madd_keyboard[0m[1m{[0m[3mxkb_config[0m[2m=[0mXkbConfig { rules: "", model: "", layout: "", variant: "", options: None } [3mrepeat_delay[0m[2m=[0m200 [3mrepeat_rate[0m[2m=[0m25[1m}[0m[2m:[0m[1minput_keyboard[0m[2m:[0m [2msmithay::input::keyboard[0m[2m:[0m [2m680:[0m Loaded Keymap [3mname[0m[2m=[0m"English (US)"
[2m2026-02-01T14:37:02.689814Z[0m [32m INFO[0m [1mnew[0m[1m{[0m[3mname[0m[2m=[0m"dummy-0" [3mphysical[0m[2m=[0mPhysicalProperties { size: Size<smithay::utils::geometry::Raw> { w: 0, h: 0 }, subpixel: Unknown, make: "dummy-0", model: "dummy-0", serial_number: "dummy-0" }[1m}[0m[2m:[0m [2msmithay::output[0m[2m:[0m [2m262:[0m Creating new Output [3mname[0m[2m=[0m"dummy-0"
[2m2026-02-01T14:37:02.689847Z[0m [32m INFO[0m [2msmithay::wayland::output[0m[2m:[0m [2m208:[0m Creating new wl_output [3moutput[0m[2m=[0m"dummy-0"
[2m2026-02-01T14:37:02.690487Z[0m [32m INFO[0m [2mcatacomb::state[0m[2m:[0m [2m334:[0m No configuration script found
[2m2026-02-01T14:37:02.701725Z[0m [32m INFO[0m [2mgilrs_core::platform::platform::gamepad[0m[2m:[0m [2m635:[0m Gamepad /dev/input/event5 (Sony Computer Entertainment Wireless Controller) connected.
[2m2026-02-01T14:37:02.701970Z[0m [32m INFO[0m [2mgilrs_core::platform::platform::gamepad[0m[2m:[0m [2m635:[0m Gamepad /dev/input/event10 (Microsoft Xbox Series S|X Controller) connected.
[2m2026-02-01T14:37:02.702443Z[0m [32m INFO[0m [2msmithay::xwayland::xserver[0m[2m:[0m [2m187:[0m spawning XWayland instance
[2m2026-02-01T14:37:02.706052Z[0m [33m WARN[0m [2msmithay::backend::drm::device::fd[0m[2m:[0m [2m78:[0m Unable to become drm master, assuming unprivileged mode
[2m2026-02-01T14:37:02.706065Z[0m [32m INFO[0m [2msmithay::backend::drm::device[0m[2m:[0m [2m193:[0m DrmDevice initializing
[2m2026-02-01T14:37:02.915519Z[0m [32m INFO[0m [2msmithay::backend::egl::display[0m[2m:[0m [2m176:[0m Successfully selected EGL platform: PLATFORM_GBM_KHR
[2m2026-02-01T14:37:02.919014Z[0m [32m INFO[0m [2msmithay::backend::egl::display[0m[2m:[0m [2m254:[0m EGL Initialized
[2m2026-02-01T14:37:02.919027Z[0m [32m INFO[0m [2msmithay::backend::egl::display[0m[2m:[0m [2m255:[0m EGL Version: (1, 5)
[2m2026-02-01T14:37:02.919048Z[0m [32m INFO[0m [2msmithay::backend::egl::display[0m[2m:[0m [2m264:[0m Supported EGL display extensions: ["EGL_ANDROID_native_fence_sync", "EGL_EXT_buffer_age", "EGL_EXT_client_sync", "EGL_EXT_create_context_robustness", "EGL_EXT_image_dma_buf_import", "EGL_EXT_image_dma_buf_import_modifiers", "EGL_MESA_image_dma_buf_export", "EGL_EXT_output_base", "EGL_EXT_output_drm", "EGL_EXT_protected_content", "EGL_EXT_stream_consumer_egloutput", "EGL_EXT_stream_acquire_mode", "EGL_EXT_sync_reuse", "EGL_IMG_context_priority", "EGL_KHR_config_attribs", "EGL_KHR_create_context_no_error", "EGL_KHR_context_flush_control", "EGL_KHR_create_context", "EGL_KHR_fence_sync", "EGL_KHR_get_all_proc_addresses", "EGL_KHR_partial_update", "EGL_KHR_swap_buffers_with_damage", "EGL_KHR_no_config_context", "EGL_KHR_gl_colorspace", "EGL_KHR_gl_renderbuffer_image", "EGL_KHR_gl_texture_2D_image", "EGL_KHR_gl_texture_3D_image", "EGL_KHR_gl_texture_cubemap_image", "EGL_KHR_image", "EGL_KHR_image_base", "EGL_KHR_reusable_sync", "EGL_KHR_stream", "EGL_KHR_stream_attrib", "EGL_KHR_stream_consumer_gltexture", "EGL_KHR_stream_cross_process_fd", "EGL_KHR_stream_fifo", "EGL_KHR_stream_producer_eglsurface", "EGL_KHR_surfaceless_context", "EGL_KHR_wait_sync", "EGL_NV_nvrm_fence_sync", "EGL_NV_quadruple_buffer", "EGL_NV_stream_consumer_eglimage", "EGL_NV_stream_cross_display", "EGL_NV_stream_cross_object", "EGL_NV_stream_cross_process", "EGL_NV_stream_cross_system", "EGL_NV_stream_dma", "EGL_NV_stream_flush", "EGL_NV_stream_metadata", "EGL_NV_stream_remote", "EGL_NV_stream_reset", "EGL_NV_stream_socket", "EGL_NV_stream_socket_inet", "EGL_NV_stream_socket_unix", "EGL_NV_stream_sync", "EGL_NV_stream_fifo_next", "EGL_NV_stream_fifo_synchronous", "EGL_NV_stream_consumer_gltexture_yuv", "EGL_NV_stream_attrib", "EGL_NV_stream_origin", "EGL_NV_system_time", "EGL_NV_output_drm_flip_event", "EGL_NV_triple_buffer", "EGL_NV_robustness_video_memory_purge", "EGL_WL_bind_wayland_display", "EGL_WL_wayland_eglstream"]
[2m2026-02-01T14:37:02.931697Z[0m [32m INFO[0m [1megl[0m[1m{[0m[3mnative[0m[2m=[0m"/dev/dri/card1" [3mplatform[0m[2m=[0m"PLATFORM_GBM_KHR" [3mversion[0m[2m=[0m(1, 5)[1m}[0m[2m:[0m[1megl_context[0m[1m{[0m[3mptr[0m[2m=[0m94598978311713[1m}[0m[2m:[0m [2msmithay::backend::egl::context[0m[2m:[0m [2m337:[0m EGL context created [3mpriority[0m[2m=[0mSome(Medium)
[2m2026-02-01T14:37:02.971546Z[0m [32m INFO[0m [1megl[0m[1m{[0m[3mnative[0m[2m=[0m"/dev/dri/card1" [3mplatform[0m[2m=[0m"PLATFORM_GBM_KHR" [3mversion[0m[2m=[0m(1, 5)[1m}[0m[2m:[0m[1megl_context[0m[1m{[0m[3mptr[0m[2m=[0m94598978311713[1m}[0m[2m:[0m[1mrenderer_gles2[0m[2m:[0m [2msmithay::backend::renderer::gles[0m[2m:[0m [2m619:[0m Initializing OpenGL ES Renderer
[2m2026-02-01T14:37:02.971556Z[0m [32m INFO[0m [1megl[0m[1m{[0m[3mnative[0m[2m=[0m"/dev/dri/card1" [3mplatform[0m[2m=[0m"PLATFORM_GBM_KHR" [3mversion[0m[2m=[0m(1, 5)[1m}[0m[2m:[0m[1megl_context[0m[1m{[0m[3mptr[0m[2m=[0m94598978311713[1m}[0m[2m:[0m[1mrenderer_gles2[0m[2m:[0m [2msmithay::backend::renderer::gles[0m[2m:[0m [2m620:[0m GL Version: "OpenGL ES 3.2 NVIDIA 580.119.02"
[2m2026-02-01T14:37:02.971562Z[0m [32m INFO[0m [1megl[0m[1m{[0m[3mnative[0m[2m=[0m"/dev/dri/card1" [3mplatform[0m[2m=[0m"PLATFORM_GBM_KHR" [3mversion[0m[2m=[0m(1, 5)[1m}[0m[2m:[0m[1megl_context[0m[1m{[0m[3mptr[0m[2m=[0m94598978311713[1m}[0m[2m:[0m[1mrenderer_gles2[0m[2m:[0m [2msmithay::backend::renderer::gles[0m[2m:[0m [2m624:[0m GL Vendor: "NVIDIA Corporation"
[2m2026-02-01T14:37:02.971564Z[0m [32m INFO[0m [1megl[0m[1m{[0m[3mnative[0m[2m=[0m"/dev/dri/card1" [3mplatform[0m[2m=[0m"PLATFORM_GBM_KHR" [3mversion[0m[2m=[0m(1, 5)[1m}[0m[2m:[0m[1megl_context[0m[1m{[0m[3mptr[0m[2m=[0m94598978311713[1m}[0m[2m:[0m[1mrenderer_gles2[0m[2m:[0m [2msmithay::backend::renderer::gles[0m[2m:[0m [2m628:[0m GL Renderer: "NVIDIA GeForce RTX 4070 Ti SUPER/PCIe/SSE2"
[2m2026-02-01T14:37:02.971566Z[0m [32m INFO[0m [1megl[0m[1m{[0m[3mnative[0m[2m=[0m"/dev/dri/card1" [3mplatform[0m[2m=[0m"PLATFORM_GBM_KHR" [3mversion[0m[2m=[0m(1, 5)[1m}[0m[2m:[0m[1megl_context[0m[1m{[0m[3mptr[0m[2m=[0m94598978311713[1m}[0m[2m:[0m[1mrenderer_gles2[0m[2m:[0m [2msmithay::backend::renderer::gles[0m[2m:[0m [2m632:[0m Supported GL Extensions: ["GL_EXT_base_instance", "GL_EXT_blend_func_extended", "GL_EXT_blend_minmax", "GL_EXT_buffer_storage", "GL_EXT_clear_texture", "GL_EXT_clip_control", "GL_EXT_clip_cull_distance", "GL_EXT_color_buffer_float", "GL_EXT_color_buffer_half_float", "GL_EXT_conservative_depth", "GL_EXT_copy_image", "GL_EXT_depth_clamp", "GL_EXT_debug_label", "GL_EXT_discard_framebuffer", "GL_EXT_disjoint_timer_query", "GL_EXT_draw_buffers_indexed", "GL_EXT_draw_elements_base_vertex", "GL_EXT_EGL_image_array", "GL_EXT_EGL_image_storage", "GL_EXT_EGL_image_external_wrap_modes", "GL_EXT_float_blend", "GL_EXT_frag_depth", "GL_EXT_geometry_point_size", "GL_EXT_geometry_shader", "GL_EXT_gpu_shader5", "GL_EXT_map_buffer_range", "GL_EXT_multi_draw_indirect", "GL_EXT_multisample_compatibility", "GL_EXT_multisampled_render_to_texture", "GL_EXT_multisampled_render_to_texture2", "GL_EXT_multiview_texture_multisample", "GL_EXT_multiview_timer_query", "GL_EXT_occlusion_query_boolean", "GL_EXT_polygon_offset_clamp", "GL_EXT_post_depth_coverage", "GL_EXT_primitive_bounding_box", "GL_EXT_raster_multisample", "GL_EXT_render_snorm", "GL_EXT_robustness", "GL_EXT_separate_shader_objects", "GL_EXT_shader_group_vote", "GL_EXT_shader_implicit_conversions", "GL_EXT_shader_integer_mix", "GL_EXT_shader_io_blocks", "GL_EXT_shader_non_constant_global_initializers", "GL_EXT_shader_texture_lod", "GL_EXT_shadow_samplers", "GL_EXT_sparse_texture", "GL_EXT_sparse_texture2", "GL_EXT_sRGB", "GL_EXT_sRGB_write_control", "GL_EXT_tessellation_point_size", "GL_EXT_tessellation_shader", "GL_EXT_texture_border_clamp", "GL_EXT_texture_buffer", "GL_EXT_texture_compression_bptc", "GL_EXT_texture_compression_dxt1", "GL_EXT_texture_compression_rgtc", "GL_EXT_texture_compression_s3tc", "GL_EXT_texture_cube_map_array", "GL_EXT_texture_filter_anisotropic", "GL_EXT_texture_filter_minmax", "GL_EXT_texture_format_BGRA8888", "GL_EXT_texture_mirror_clamp_to_edge", "GL_EXT_texture_norm16", "GL_EXT_texture_query_lod", "GL_EXT_texture_rg", "GL_EXT_texture_shadow_lod", "GL_EXT_texture_sRGB_R8", "GL_EXT_texture_sRGB_decode", "GL_EXT_texture_storage", "GL_EXT_texture_view", "GL_EXT_draw_transform_feedback", "GL_EXT_unpack_subimage", "GL_EXT_window_rectangles", "GL_KHR_context_flush_control", "GL_KHR_debug", "GL_EXT_memory_object", "GL_EXT_memory_object_fd", "GL_NV_memory_object_sparse", "GL_KHR_parallel_shader_compile", "GL_KHR_no_error", "GL_KHR_robust_buffer_access_behavior", "GL_KHR_robustness", "GL_EXT_semaphore", "GL_EXT_semaphore_fd", "GL_NV_timeline_semaphore", "GL_KHR_shader_subgroup", "GL_KHR_texture_compression_astc_ldr", "GL_KHR_texture_compression_astc_sliced_3d", "GL_KHR_texture_compression_astc_hdr", "GL_NV_bgr", "GL_NV_bindless_texture", "GL_NV_blend_equation_advanced", "GL_NV_blend_equation_advanced_coherent", "GL_NVX_blend_equation_advanced_multi_draw_buffers", "GL_NV_blend_minmax_factor", "GL_NV_clip_space_w_scaling", "GL_NV_compute_shader_derivatives", "GL_NV_conditional_render", "GL_NV_conservative_raster", "GL_NV_conservative_raster_pre_snap_triangles", "GL_NV_copy_buffer", "GL_NV_copy_image", "GL_NV_draw_buffers", "GL_NV_draw_instanced", "GL_NV_draw_texture", "GL_NV_draw_vulkan_image", "GL_NV_EGL_stream_consumer_external", "GL_NV_explicit_attrib_location", "GL_NV_fbo_color_attachments", "GL_NV_fill_rectangle", "GL_NV_fragment_coverage_to_color", "GL_NV_fragment_shader_barycentric", "GL_NV_fragment_shader_interlock", "GL_NV_framebuffer_blit", "GL_NV_framebuffer_mixed_samples", "GL_NV_framebuffer_multisample", "GL_NV_generate_mipmap_sRGB", "GL_NV_geometry_shader_passthrough", "GL_NV_instanced_arrays", "GL_NV_internalformat_sample_query", "GL_NV_gpu_shader5", "GL_NV_image_formats", "GL_NV_memory_attachment", "GL_NV_mesh_shader", "GL_NV_occlusion_query_samples", "GL_NV_non_square_matrices", "GL_NV_pack_subimage", "GL_NV_packed_float", "GL_NV_packed_float_linear", "GL_NV_path_rendering", "GL_NV_path_rendering_shared_edge", "GL_NV_pixel_buffer_object", "GL_NV_polygon_mode", "GL_NV_primitive_shading_rate", "GL_NV_read_buffer", "GL_NV_read_depth", "GL_NV_read_depth_stencil", "GL_NV_read_stencil", "GL_NV_representative_fragment_test", "GL_NV_sample_locations", "GL_NV_sample_mask_override_coverage", "GL_NV_scissor_exclusive", "GL_NV_shader_atomic_fp16_vector", "GL_NV_shader_noperspective_interpolation", "GL_NV_shader_subgroup_partitioned", "GL_NV_shader_texture_footprint", "GL_NV_shading_rate_image", "GL_NV_shadow_samplers_array", "GL_NV_shadow_samplers_cube", "GL_NV_sRGB_formats", "GL_NV_stereo_view_rendering", "GL_NV_texture_array", "GL_NV_texture_barrier", "GL_NV_texture_border_clamp", "GL_NV_texture_compression_latc", "GL_NV_texture_compression_s3tc", "GL_NV_texture_compression_s3tc_update", "GL_NV_texture_dirty_tile_map", "GL_NV_timer_query", "GL_NV_viewport_array", "GL_NV_viewport_array2", "GL_NV_viewport_swizzle", "GL_KHR_blend_equation_advanced", "GL_KHR_blend_equation_advanced_coherent", "GL_OES_compressed_ETC1_RGB8_texture", "GL_EXT_compressed_ETC1_RGB8_sub_texture", "GL_OES_depth24", "GL_OES_depth32", "GL_OES_depth_texture", "GL_OES_depth_texture_cube_map", "GL_OES_copy_image", "GL_OES_draw_buffers_indexed", "GL_OES_draw_elements_base_vertex", "GL_OES_texture_border_clamp", "GL_OES_tessellation_point_size", "GL_OES_tessellation_shader", "GL_OES_texture_buffer", "GL_OES_geometry_point_size", "GL_OES_geometry_shader", "GL_OES_gpu_shader5", "GL_OES_shader_io_blocks", "GL_OES_texture_view", "GL_OES_primitive_bounding_box", "GL_OES_EGL_image", "GL_OES_EGL_image_external", "GL_OES_EGL_image_external_essl3", "GL_OES_EGL_sync", "GL_OES_element_index_uint", "GL_OES_fbo_render_mipmap", "GL_OES_get_program_binary", "GL_OES_mapbuffer", "GL_OES_packed_depth_stencil", "GL_OES_rgb8_rgba8", "GL_EXT_read_format_bgra", "GL_OES_sample_shading", "GL_OES_sample_variables", "GL_OES_shader_image_atomic", "GL_OES_shader_multisample_interpolation", "GL_OES_standard_derivatives", "GL_OES_surfaceless_context", "GL_OES_texture_cube_map_array", "GL_OES_texture_npot", "GL_OES_texture_float", "GL_OES_texture_float_linear", "GL_OES_texture_half_float", "GL_OES_texture_half_float_linear", "GL_OES_texture_stencil8", "GL_OES_texture_storage_multisample_2d_array", "GL_OES_vertex_array_object", "GL_OES_vertex_half_float", "GL_OES_viewport_array", "GL_OVR_multiview", "GL_OVR_multiview2", "GL_OVR_multiview_multisampled_render_to_texture", "GL_ANDROID_extension_pack_es31a", ""]
[2m2026-02-01T14:37:02.975492Z[0m [32m INFO[0m [2mcatacomb::backend::udev[0m[2m:[0m [2m506:[0m DEBUG: Total formats: 516, Linear formats: 0
[2m2026-02-01T14:37:02.975500Z[0m [32m INFO[0m [2mcatacomb::backend::udev[0m[2m:[0m [2m508:[0m DEBUG: First format modifier: Unrecognized(216172782120099856)
[2m2026-02-01T14:37:02.975502Z[0m [33m WARN[0m [2mcatacomb::backend::udev[0m[2m:[0m [2m514:[0m ⚠️ No LINEAR/INVALID formats found! Falling back to using ALL available formats (AFBC might be enabled).
[2m2026-02-01T14:37:02.975508Z[0m [32m INFO[0m [2mcatacomb::backend::udev[0m[2m:[0m [2m531:[0m Found 4 connectors
[2m2026-02-01T14:37:02.975511Z[0m [32m INFO[0m [2mcatacomb::backend::udev[0m[2m:[0m [2m548:[0m 🔄 Attempt 1/60 Checking connectors...
[2m2026-02-01T14:37:02.975846Z[0m [32m INFO[0m [2mcatacomb::backend::udev[0m[2m:[0m [2m559:[0m    🔌 Connector connector::Handle(128) (HDMIA) State: Disconnected
[2m2026-02-01T14:37:02.976252Z[0m [32m INFO[0m [2mcatacomb::backend::udev[0m[2m:[0m [2m559:[0m    🔌 Connector connector::Handle(131) (DisplayPort) State: Disconnected
[2m2026-02-01T14:37:02.976533Z[0m [32m INFO[0m [2mcatacomb::backend::udev[0m[2m:[0m [2m559:[0m    🔌 Connector connector::Handle(135) (DisplayPort) State: Disconnected
[2m2026-02-01T14:37:02.976812Z[0m [32m INFO[0m [2mcatacomb::backend::udev[0m[2m:[0m [2m559:[0m    🔌 Connector connector::Handle(139) (DisplayPort) State: Disconnected
[2m2026-02-01T14:37:02.976814Z[0m [32m INFO[0m [2mcatacomb::backend::udev[0m[2m:[0m [2m610:[0m ⏳ Waiting for HDMI handshake / High-res modes... (Attempt 1/60)
[2m2026-02-01T14:37:03.477034Z[0m [32m INFO[0m [2mcatacomb::backend::udev[0m[2m:[0m [2m548:[0m 🔄 Attempt 2/60 Checking connectors...
[2m2026-02-01T14:37:03.477475Z[0m [32m INFO[0m [2mcatacomb::backend::udev[0m[2m:[0m [2m559:[0m    🔌 Connector connector::Handle(128) (HDMIA) State: Disconnected
[2m2026-02-01T14:37:03.477977Z[0m [32m INFO[0m [2mcatacomb::backend::udev[0m[2m:[0m [2m559:[0m    🔌 Connector connector::Handle(131) (DisplayPort) State: Disconnected
[2m2026-02-01T14:37:03.478471Z[0m [32m INFO[0m [2mcatacomb::backend::udev[0m[2m:[0m [2m559:[0m    🔌 Connector connector::Handle(135) (DisplayPort) State: Disconnected
[2m2026-02-01T14:37:03.478968Z[0m [32m INFO[0m [2mcatacomb::backend::udev[0m[2m:[0m [2m559:[0m    🔌 Connector connector::Handle(139) (DisplayPort) State: Disconnected
[2m2026-02-01T14:37:03.478975Z[0m [32m INFO[0m [2mcatacomb::backend::udev[0m[2m:[0m [2m610:[0m ⏳ Waiting for HDMI handshake / High-res modes... (Attempt 2/60)
🚀 Starting startup script...
🚀 Jolly Startup running...
[2m2026-02-01T14:37:03.979073Z[0m [32m INFO[0m [2mcatacomb::backend::udev[0m[2m:[0m [2m548:[0m 🔄 Attempt 3/60 Checking connectors...
[2m2026-02-01T14:37:03.979552Z[0m [32m INFO[0m [2mcatacomb::backend::udev[0m[2m:[0m [2m559:[0m    🔌 Connector connector::Handle(128) (HDMIA) State: Disconnected
[2m2026-02-01T14:37:03.980052Z[0m [32m INFO[0m [2mcatacomb::backend::udev[0m[2m:[0m [2m559:[0m    🔌 Connector connector::Handle(131) (DisplayPort) State: Disconnected
[2m2026-02-01T14:37:03.980550Z[0m [32m INFO[0m [2mcatacomb::backend::udev[0m[2m:[0m [2m559:[0m    🔌 Connector connector::Handle(135) (DisplayPort) State: Disconnected
[2m2026-02-01T14:37:03.981049Z[0m [32m INFO[0m [2mcatacomb::backend::udev[0m[2m:[0m [2m559:[0m    🔌 Connector connector::Handle(139) (DisplayPort) State: Disconnected
[2m2026-02-01T14:37:03.981056Z[0m [32m INFO[0m [2mcatacomb::backend::udev[0m[2m:[0m [2m610:[0m ⏳ Waiting for HDMI handshake / High-res modes... (Attempt 3/60)
[2m2026-02-01T14:37:04.481217Z[0m [32m INFO[0m [2mcatacomb::backend::udev[0m[2m:[0m [2m548:[0m 🔄 Attempt 4/60 Checking connectors...
[2m2026-02-01T14:37:04.481683Z[0m [32m INFO[0m [2mcatacomb::backend::udev[0m[2m:[0m [2m559:[0m    🔌 Connector connector::Handle(128) (HDMIA) State: Disconnected
[2m2026-02-01T14:37:04.482177Z[0m [32m INFO[0m [2mcatacomb::backend::udev[0m[2m:[0m [2m559:[0m    🔌 Connector connector::Handle(131) (DisplayPort) State: Disconnected
[2m2026-02-01T14:37:04.482665Z[0m [32m INFO[0m [2mcatacomb::backend::udev[0m[2m:[0m [2m559:[0m    🔌 Connector connector::Handle(135) (DisplayPort) State: Disconnected
[2m2026-02-01T14:37:04.483156Z[0m [32m INFO[0m [2mcatacomb::backend::udev[0m[2m:[0m [2m559:[0m    🔌 Connector connector::Handle(139) (DisplayPort) State: Disconnected
[2m2026-02-01T14:37:04.483163Z[0m [32m INFO[0m [2mcatacomb::backend::udev[0m[2m:[0m [2m610:[0m ⏳ Waiting for HDMI handshake / High-res modes... (Attempt 4/60)
[2m2026-02-01T14:37:04.983319Z[0m [32m INFO[0m [2mcatacomb::backend::udev[0m[2m:[0m [2m548:[0m 🔄 Attempt 5/60 Checking connectors...
[2m2026-02-01T14:37:04.983803Z[0m [32m INFO[0m [2mcatacomb::backend::udev[0m[2m:[0m [2m559:[0m    🔌 Connector connector::Handle(128) (HDMIA) State: Disconnected
[2m2026-02-01T14:37:04.984304Z[0m [32m INFO[0m [2mcatacomb::backend::udev[0m[2m:[0m [2m559:[0m    🔌 Connector connector::Handle(131) (DisplayPort) State: Disconnected
[2m2026-02-01T14:37:04.984800Z[0m [32m INFO[0m [2mcatacomb::backend::udev[0m[2m:[0m [2m559:[0m    🔌 Connector connector::Handle(135) (DisplayPort) State: Disconnected
[2m2026-02-01T14:37:04.985293Z[0m [32m INFO[0m [2mcatacomb::backend::udev[0m[2m:[0m [2m559:[0m    🔌 Connector connector::Handle(139) (DisplayPort) State: Disconnected
[2m2026-02-01T14:37:04.985298Z[0m [32m INFO[0m [2mcatacomb::backend::udev[0m[2m:[0m [2m610:[0m ⏳ Waiting for HDMI handshake / High-res modes... (Attempt 5/60)
[2m2026-02-01T14:37:05.485461Z[0m [32m INFO[0m [2mcatacomb::backend::udev[0m[2m:[0m [2m548:[0m 🔄 Attempt 6/60 Checking connectors...
[2m2026-02-01T14:37:05.485975Z[0m [32m INFO[0m [2mcatacomb::backend::udev[0m[2m:[0m [2m559:[0m    🔌 Connector connector::Handle(128) (HDMIA) State: Disconnected
[2m2026-02-01T14:37:05.486465Z[0m [32m INFO[0m [2mcatacomb::backend::udev[0m[2m:[0m [2m559:[0m    🔌 Connector connector::Handle(131) (DisplayPort) State: Disconnected
[2m2026-02-01T14:37:05.486965Z[0m [32m INFO[0m [2mcatacomb::backend::udev[0m[2m:[0m [2m559:[0m    🔌 Connector connector::Handle(135) (DisplayPort) State: Disconnected
[2m2026-02-01T14:37:05.487454Z[0m [32m INFO[0m [2mcatacomb::backend::udev[0m[2m:[0m [2m559:[0m    🔌 Connector connector::Handle(139) (DisplayPort) State: Disconnected
[2m2026-02-01T14:37:05.487459Z[0m [32m INFO[0m [2mcatacomb::backend::udev[0m[2m:[0m [2m610:[0m ⏳ Waiting for HDMI handshake / High-res modes... (Attempt 6/60)
[2m2026-02-01T14:37:05.987640Z[0m [32m INFO[0m [2mcatacomb::backend::udev[0m[2m:[0m [2m548:[0m 🔄 Attempt 7/60 Checking connectors...
[2m2026-02-01T14:37:05.988166Z[0m [32m INFO[0m [2mcatacomb::backend::udev[0m[2m:[0m [2m559:[0m    🔌 Connector connector::Handle(128) (HDMIA) State: Disconnected
[2m2026-02-01T14:37:05.988659Z[0m [32m INFO[0m [2mcatacomb::backend::udev[0m[2m:[0m [2m559:[0m    🔌 Connector connector::Handle(131) (DisplayPort) State: Disconnected
[2m2026-02-01T14:37:05.989152Z[0m [32m INFO[0m [2mcatacomb::backend::udev[0m[2m:[0m [2m559:[0m    🔌 Connector connector::Handle(135) (DisplayPort) State: Disconnected
[2m2026-02-01T14:37:05.989642Z[0m [32m INFO[0m [2mcatacomb::backend::udev[0m[2m:[0m [2m559:[0m    🔌 Connector connector::Handle(139) (DisplayPort) State: Disconnected
[2m2026-02-01T14:37:05.989647Z[0m [32m INFO[0m [2mcatacomb::backend::udev[0m[2m:[0m [2m610:[0m ⏳ Waiting for HDMI handshake / High-res modes... (Attempt 7/60)
[2m2026-02-01T14:37:06.489811Z[0m [32m INFO[0m [2mcatacomb::backend::udev[0m[2m:[0m [2m548:[0m 🔄 Attempt 8/60 Checking connectors...
[2m2026-02-01T14:37:06.490263Z[0m [32m INFO[0m [2mcatacomb::backend::udev[0m[2m:[0m [2m559:[0m    🔌 Connector connector::Handle(128) (HDMIA) State: Disconnected
[2m2026-02-01T14:37:06.490790Z[0m [32m INFO[0m [2mcatacomb::backend::udev[0m[2m:[0m [2m559:[0m    🔌 Connector connector::Handle(131) (DisplayPort) State: Disconnected
[2m2026-02-01T14:37:06.491285Z[0m [32m INFO[0m [2mcatacomb::backend::udev[0m[2m:[0m [2m559:[0m    🔌 Connector connector::Handle(135) (DisplayPort) State: Disconnected
[2m2026-02-01T14:37:06.491775Z[0m [32m INFO[0m [2mcatacomb::backend::udev[0m[2m:[0m [2m559:[0m    🔌 Connector connector::Handle(139) (DisplayPort) State: Disconnected
[2m2026-02-01T14:37:06.491782Z[0m [32m INFO[0m [2mcatacomb::backend::udev[0m[2m:[0m [2m610:[0m ⏳ Waiting for HDMI handshake / High-res modes... (Attempt 8/60)
[2m2026-02-01T14:37:06.991948Z[0m [32m INFO[0m [2mcatacomb::backend::udev[0m[2m:[0m [2m548:[0m 🔄 Attempt 9/60 Checking connectors...
[2m2026-02-01T14:37:06.992419Z[0m [32m INFO[0m [2mcatacomb::backend::udev[0m[2m:[0m [2m559:[0m    🔌 Connector connector::Handle(128) (HDMIA) State: Disconnected
[2m2026-02-01T14:37:06.992917Z[0m [32m INFO[0m [2mcatacomb::backend::udev[0m[2m:[0m [2m559:[0m    🔌 Connector connector::Handle(131) (DisplayPort) State: Disconnected
[2m2026-02-01T14:37:06.993408Z[0m [32m INFO[0m [2mcatacomb::backend::udev[0m[2m:[0m [2m559:[0m    🔌 Connector connector::Handle(135) (DisplayPort) State: Disconnected
[2m2026-02-01T14:37:06.993899Z[0m [32m INFO[0m [2mcatacomb::backend::udev[0m[2m:[0m [2m559:[0m    🔌 Connector connector::Handle(139) (DisplayPort) State: Disconnected
[2m2026-02-01T14:37:06.993905Z[0m [32m INFO[0m [2mcatacomb::backend::udev[0m[2m:[0m [2m610:[0m ⏳ Waiting for HDMI handshake / High-res modes... (Attempt 9/60)
[2m2026-02-01T14:37:07.494083Z[0m [32m INFO[0m [2mcatacomb::backend::udev[0m[2m:[0m [2m548:[0m 🔄 Attempt 10/60 Checking connectors...
[2m2026-02-01T14:37:07.494542Z[0m [32m INFO[0m [2mcatacomb::backend::udev[0m[2m:[0m [2m559:[0m    🔌 Connector connector::Handle(128) (HDMIA) State: Disconnected
[2m2026-02-01T14:37:07.495038Z[0m [32m INFO[0m [2mcatacomb::backend::udev[0m[2m:[0m [2m559:[0m    🔌 Connector connector::Handle(131) (DisplayPort) State: Disconnected
[2m2026-02-01T14:37:07.495531Z[0m [32m INFO[0m [2mcatacomb::backend::udev[0m[2m:[0m [2m559:[0m    🔌 Connector connector::Handle(135) (DisplayPort) State: Disconnected
[2m2026-02-01T14:37:07.496016Z[0m [32m INFO[0m [2mcatacomb::backend::udev[0m[2m:[0m [2m559:[0m    🔌 Connector connector::Handle(139) (DisplayPort) State: Disconnected
[2m2026-02-01T14:37:07.496022Z[0m [32m INFO[0m [2mcatacomb::backend::udev[0m[2m:[0m [2m610:[0m ⏳ Waiting for HDMI handshake / High-res modes... (Attempt 10/60)
[2m2026-02-01T14:37:07.996179Z[0m [32m INFO[0m [2mcatacomb::backend::udev[0m[2m:[0m [2m548:[0m 🔄 Attempt 11/60 Checking connectors...
[2m2026-02-01T14:37:07.996653Z[0m [32m INFO[0m [2mcatacomb::backend::udev[0m[2m:[0m [2m559:[0m    🔌 Connector connector::Handle(128) (HDMIA) State: Disconnected
[2m2026-02-01T14:37:07.997152Z[0m [32m INFO[0m [2mcatacomb::backend::udev[0m[2m:[0m [2m559:[0m    🔌 Connector connector::Handle(131) (DisplayPort) State: Disconnected
[2m2026-02-01T14:37:07.997646Z[0m [32m INFO[0m [2mcatacomb::backend::udev[0m[2m:[0m [2m559:[0m    🔌 Connector connector::Handle(135) (DisplayPort) State: Disconnected
[2m2026-02-01T14:37:07.998132Z[0m [32m INFO[0m [2mcatacomb::backend::udev[0m[2m:[0m [2m559:[0m    🔌 Connector connector::Handle(139) (DisplayPort) State: Disconnected
[2m2026-02-01T14:37:07.998139Z[0m [32m INFO[0m [2mcatacomb::backend::udev[0m[2m:[0m [2m610:[0m ⏳ Waiting for HDMI handshake / High-res modes... (Attempt 11/60)
[2m2026-02-01T14:37:08.498371Z[0m [32m INFO[0m [2mcatacomb::backend::udev[0m[2m:[0m [2m548:[0m 🔄 Attempt 12/60 Checking connectors...
[2m2026-02-01T14:37:08.498790Z[0m [32m INFO[0m [2mcatacomb::backend::udev[0m[2m:[0m [2m559:[0m    🔌 Connector connector::Handle(128) (HDMIA) State: Disconnected
[2m2026-02-01T14:37:08.499259Z[0m [32m INFO[0m [2mcatacomb::backend::udev[0m[2m:[0m [2m559:[0m    🔌 Connector connector::Handle(131) (DisplayPort) State: Disconnected
[2m2026-02-01T14:37:08.499745Z[0m [32m INFO[0m [2mcatacomb::backend::udev[0m[2m:[0m [2m559:[0m    🔌 Connector connector::Handle(135) (DisplayPort) State: Disconnected
[2m2026-02-01T14:37:08.500217Z[0m [32m INFO[0m [2mcatacomb::backend::udev[0m[2m:[0m [2m559:[0m    🔌 Connector connector::Handle(139) (DisplayPort) State: Disconnected
[2m2026-02-01T14:37:08.500221Z[0m [32m INFO[0m [2mcatacomb::backend::udev[0m[2m:[0m [2m610:[0m ⏳ Waiting for HDMI handshake / High-res modes... (Attempt 12/60)
[2m2026-02-01T14:37:09.000330Z[0m [32m INFO[0m [2mcatacomb::backend::udev[0m[2m:[0m [2m548:[0m 🔄 Attempt 13/60 Checking connectors...
[2m2026-02-01T14:37:09.001011Z[0m [32m INFO[0m [2mcatacomb::backend::udev[0m[2m:[0m [2m559:[0m    🔌 Connector connector::Handle(128) (HDMIA) State: Disconnected
[2m2026-02-01T14:37:09.001553Z[0m [32m INFO[0m [2mcatacomb::backend::udev[0m[2m:[0m [2m559:[0m    🔌 Connector connector::Handle(131) (DisplayPort) State: Disconnected
[2m2026-02-01T14:37:09.002076Z[0m [32m INFO[0m [2mcatacomb::backend::udev[0m[2m:[0m [2m559:[0m    🔌 Connector connector::Handle(135) (DisplayPort) State: Disconnected
[2m2026-02-01T14:37:09.002604Z[0m [32m INFO[0m [2mcatacomb::backend::udev[0m[2m:[0m [2m559:[0m    🔌 Connector connector::Handle(139) (DisplayPort) State: Disconnected
[2m2026-02-01T14:37:09.002610Z[0m [32m INFO[0m [2mcatacomb::backend::udev[0m[2m:[0m [2m610:[0m ⏳ Waiting for HDMI handshake / High-res modes... (Attempt 13/60)
[2m2026-02-01T14:37:09.502788Z[0m [32m INFO[0m [2mcatacomb::backend::udev[0m[2m:[0m [2m548:[0m 🔄 Attempt 14/60 Checking connectors...
[2m2026-02-01T14:37:09.503452Z[0m [32m INFO[0m [2mcatacomb::backend::udev[0m[2m:[0m [2m559:[0m    🔌 Connector connector::Handle(128) (HDMIA) State: Disconnected
[2m2026-02-01T14:37:09.504005Z[0m [32m INFO[0m [2mcatacomb::backend::udev[0m[2m:[0m [2m559:[0m    🔌 Connector connector::Handle(131) (DisplayPort) State: Disconnected
[2m2026-02-01T14:37:09.504531Z[0m [32m INFO[0m [2mcatacomb::backend::udev[0m[2m:[0m [2m559:[0m    🔌 Connector connector::Handle(135) (DisplayPort) State: Disconnected
[2m2026-02-01T14:37:09.505046Z[0m [32m INFO[0m [2mcatacomb::backend::udev[0m[2m:[0m [2m559:[0m    🔌 Connector connector::Handle(139) (DisplayPort) State: Disconnected
[2m2026-02-01T14:37:09.505052Z[0m [32m INFO[0m [2mcatacomb::backend::udev[0m[2m:[0m [2m610:[0m ⏳ Waiting for HDMI handshake / High-res modes... (Attempt 14/60)
[2m2026-02-01T14:37:10.005215Z[0m [32m INFO[0m [2mcatacomb::backend::udev[0m[2m:[0m [2m548:[0m 🔄 Attempt 15/60 Checking connectors...
[2m2026-02-01T14:37:10.005882Z[0m [32m INFO[0m [2mcatacomb::backend::udev[0m[2m:[0m [2m559:[0m    🔌 Connector connector::Handle(128) (HDMIA) State: Disconnected
[2m2026-02-01T14:37:10.006586Z[0m [32m INFO[0m [2mcatacomb::backend::udev[0m[2m:[0m [2m559:[0m    🔌 Connector connector::Handle(131) (DisplayPort) State: Disconnected
[2m2026-02-01T14:37:10.007284Z[0m [32m INFO[0m [2mcatacomb::backend::udev[0m[2m:[0m [2m559:[0m    🔌 Connector connector::Handle(135) (DisplayPort) State: Disconnected
[2m2026-02-01T14:37:10.007995Z[0m [32m INFO[0m [2mcatacomb::backend::udev[0m[2m:[0m [2m559:[0m    🔌 Connector connector::Handle(139) (DisplayPort) State: Disconnected
[2m2026-02-01T14:37:10.008001Z[0m [32m INFO[0m [2mcatacomb::backend::udev[0m[2m:[0m [2m610:[0m ⏳ Waiting for HDMI handshake / High-res modes... (Attempt 15/60)
[2m2026-02-01T14:37:10.508136Z[0m [32m INFO[0m [2mcatacomb::backend::udev[0m[2m:[0m [2m548:[0m 🔄 Attempt 16/60 Checking connectors...
[2m2026-02-01T14:37:10.508697Z[0m [32m INFO[0m [2mcatacomb::backend::udev[0m[2m:[0m [2m559:[0m    🔌 Connector connector::Handle(128) (HDMIA) State: Disconnected
[2m2026-02-01T14:37:10.509292Z[0m [32m INFO[0m [2mcatacomb::backend::udev[0m[2m:[0m [2m559:[0m    🔌 Connector connector::Handle(131) (DisplayPort) State: Disconnected
[2m2026-02-01T14:37:10.509682Z[0m [32m INFO[0m [2mcatacomb::backend::udev[0m[2m:[0m [2m559:[0m    🔌 Connector connector::Handle(135) (DisplayPort) State: Disconnected
[2m2026-02-01T14:37:10.510070Z[0m [32m INFO[0m [2mcatacomb::backend::udev[0m[2m:[0m [2m559:[0m    🔌 Connector connector::Handle(139) (DisplayPort) State: Disconnected
[2m2026-02-01T14:37:10.510071Z[0m [32m INFO[0m [2mcatacomb::backend::udev[0m[2m:[0m [2m610:[0m ⏳ Waiting for HDMI handshake / High-res modes... (Attempt 16/60)
[2m2026-02-01T14:37:11.011507Z[0m [32m INFO[0m [2mcatacomb::backend::udev[0m[2m:[0m [2m548:[0m 🔄 Attempt 17/60 Checking connectors...
[2m2026-02-01T14:37:11.012311Z[0m [32m INFO[0m [2mcatacomb::backend::udev[0m[2m:[0m [2m559:[0m    🔌 Connector connector::Handle(128) (HDMIA) State: Disconnected
[2m2026-02-01T14:37:11.012968Z[0m [32m INFO[0m [2mcatacomb::backend::udev[0m[2m:[0m [2m559:[0m    🔌 Connector connector::Handle(131) (DisplayPort) State: Disconnected
[2m2026-02-01T14:37:11.013399Z[0m [32m INFO[0m [2mcatacomb::backend::udev[0m[2m:[0m [2m559:[0m    🔌 Connector connector::Handle(135) (DisplayPort) State: Disconnected
[2m2026-02-01T14:37:11.013824Z[0m [32m INFO[0m [2mcatacomb::backend::udev[0m[2m:[0m [2m559:[0m    🔌 Connector connector::Handle(139) (DisplayPort) State: Disconnected
[2m2026-02-01T14:37:11.013825Z[0m [32m INFO[0m [2mcatacomb::backend::udev[0m[2m:[0m [2m610:[0m ⏳ Waiting for HDMI handshake / High-res modes... (Attempt 17/60)
[2m2026-02-01T14:37:11.516164Z[0m [32m INFO[0m [2mcatacomb::backend::udev[0m[2m:[0m [2m548:[0m 🔄 Attempt 18/60 Checking connectors...
[2m2026-02-01T14:37:11.520960Z[0m [32m INFO[0m [2mcatacomb::backend::udev[0m[2m:[0m [2m559:[0m    🔌 Connector connector::Handle(128) (HDMIA) State: Disconnected
[2m2026-02-01T14:37:11.521696Z[0m [32m INFO[0m [2mcatacomb::backend::udev[0m[2m:[0m [2m559:[0m    🔌 Connector connector::Handle(131) (DisplayPort) State: Disconnected
[2m2026-02-01T14:37:11.522454Z[0m [32m INFO[0m [2mcatacomb::backend::udev[0m[2m:[0m [2m559:[0m    🔌 Connector connector::Handle(135) (DisplayPort) State: Disconnected
[2m2026-02-01T14:37:11.523216Z[0m [32m INFO[0m [2mcatacomb::backend::udev[0m[2m:[0m [2m559:[0m    🔌 Connector connector::Handle(139) (DisplayPort) State: Disconnected
[2m2026-02-01T14:37:11.523221Z[0m [32m INFO[0m [2mcatacomb::backend::udev[0m[2m:[0m [2m610:[0m ⏳ Waiting for HDMI handshake / High-res modes... (Attempt 18/60)
[2m2026-02-01T14:37:12.024604Z[0m [32m INFO[0m [2mcatacomb::backend::udev[0m[2m:[0m [2m548:[0m 🔄 Attempt 19/60 Checking connectors...
[2m2026-02-01T14:37:12.223016Z[0m [32m INFO[0m [2mcatacomb::backend::udev[0m[2m:[0m [2m559:[0m    🔌 Connector connector::Handle(128) (HDMIA) State: Connected
[2m2026-02-01T14:37:12.223033Z[0m [32m INFO[0m [2mcatacomb::backend::udev[0m[2m:[0m [2m562:[0m       Found 25 modes. Max Width: 4096
[2m2026-02-01T14:37:12.223035Z[0m [32m INFO[0m [2mcatacomb::backend::udev[0m[2m:[0m [2m567:[0m       Mode[0]: 3840x2160 @ 0.06Hz
[2m2026-02-01T14:37:12.223069Z[0m [32m INFO[0m [2mcatacomb::backend::udev[0m[2m:[0m [2m567:[0m       Mode[1]: 4096x2160 @ 0.06Hz
[2m2026-02-01T14:37:12.223070Z[0m [32m INFO[0m [2mcatacomb::backend::udev[0m[2m:[0m [2m567:[0m       Mode[2]: 4096x2160 @ 0.05Hz
[2m2026-02-01T14:37:12.223071Z[0m [32m INFO[0m [2mcatacomb::backend::udev[0m[2m:[0m [2m567:[0m       Mode[3]: 4096x2160 @ 0.03Hz
[2m2026-02-01T14:37:12.223072Z[0m [32m INFO[0m [2mcatacomb::backend::udev[0m[2m:[0m [2m567:[0m       Mode[4]: 4096x2160 @ 0.03Hz
[2m2026-02-01T14:37:12.223081Z[0m [32m INFO[0m [2mcatacomb::backend::udev[0m[2m:[0m [2m577:[0m       ✅ EDID Property detected on this connector.
[2m2026-02-01T14:37:12.223089Z[0m [32m INFO[0m [2mcatacomb::backend::udev[0m[2m:[0m [2m605:[0m ✅ Found valid connector with high-res modes!
[2m2026-02-01T14:37:12.223100Z[0m [32m INFO[0m [2mcatacomb::backend::udev[0m[2m:[0m [2m764:[0m Candidate Modes for Attempt:
[2m2026-02-01T14:37:12.223101Z[0m [32m INFO[0m [2mcatacomb::backend::udev[0m[2m:[0m [2m766:[0m   [#0] 3840x2160 @ 0.06Hz (Flags: 0x5)
[2m2026-02-01T14:37:12.223102Z[0m [32m INFO[0m [2mcatacomb::backend::udev[0m[2m:[0m [2m766:[0m   [#1] 4096x2160 @ 0.06Hz (Flags: 0x5)
[2m2026-02-01T14:37:12.223103Z[0m [32m INFO[0m [2mcatacomb::backend::udev[0m[2m:[0m [2m766:[0m   [#2] 3840x2160 @ 0.06Hz (Flags: 0x5)
[2m2026-02-01T14:37:12.223104Z[0m [32m INFO[0m [2mcatacomb::backend::udev[0m[2m:[0m [2m766:[0m   [#3] 1920x1080 @ 0.06Hz (Flags: 0x5)
[2m2026-02-01T14:37:12.223105Z[0m [32m INFO[0m [2mcatacomb::backend::udev[0m[2m:[0m [2m766:[0m   [#4] 1920x1080 @ 0.06Hz (Flags: 0x5)
[2m2026-02-01T14:37:12.223106Z[0m [32m INFO[0m [2mcatacomb::backend::udev[0m[2m:[0m [2m766:[0m   [#5] 1280x1024 @ 0.06Hz (Flags: 0x5)
[2m2026-02-01T14:37:12.223107Z[0m [32m INFO[0m [2mcatacomb::backend::udev[0m[2m:[0m [2m766:[0m   [#6] 1440x900 @ 0.06Hz (Flags: 0x6)
[2m2026-02-01T14:37:12.223108Z[0m [32m INFO[0m [2mcatacomb::backend::udev[0m[2m:[0m [2m766:[0m   [#7] 1280x720 @ 0.06Hz (Flags: 0x5)
[2m2026-02-01T14:37:12.223109Z[0m [32m INFO[0m [2mcatacomb::backend::udev[0m[2m:[0m [2m766:[0m   [#8] 1024x768 @ 0.06Hz (Flags: 0xa)
[2m2026-02-01T14:37:12.223110Z[0m [32m INFO[0m [2mcatacomb::backend::udev[0m[2m:[0m [2m766:[0m   [#9] 800x600 @ 0.06Hz (Flags: 0x5)
[2m2026-02-01T14:37:12.223113Z[0m [32m INFO[0m [2mcatacomb::backend::udev[0m[2m:[0m [2m766:[0m   [#10] 720x480 @ 0.06Hz (Flags: 0xa)
[2m2026-02-01T14:37:12.223114Z[0m [32m INFO[0m [2mcatacomb::backend::udev[0m[2m:[0m [2m766:[0m   [#11] 640x480 @ 0.06Hz (Flags: 0xa)
[2m2026-02-01T14:37:12.223115Z[0m [32m INFO[0m [2mcatacomb::backend::udev[0m[2m:[0m [2m766:[0m   [#12] 640x480 @ 0.06Hz (Flags: 0xa)
[2m2026-02-01T14:37:12.223116Z[0m [32m INFO[0m [2mcatacomb::backend::udev[0m[2m:[0m [2m766:[0m   [#13] 4096x2160 @ 0.05Hz (Flags: 0x5)
[2m2026-02-01T14:37:12.223117Z[0m [32m INFO[0m [2mcatacomb::backend::udev[0m[2m:[0m [2m766:[0m   [#14] 3840x2160 @ 0.05Hz (Flags: 0x5)
[2m2026-02-01T14:37:12.223118Z[0m [32m INFO[0m [2mcatacomb::backend::udev[0m[2m:[0m [2m766:[0m   [#15] 1920x1080 @ 0.05Hz (Flags: 0x5)
[2m2026-02-01T14:37:12.223119Z[0m [32m INFO[0m [2mcatacomb::backend::udev[0m[2m:[0m [2m766:[0m   [#16] 1280x720 @ 0.05Hz (Flags: 0x5)
[2m2026-02-01T14:37:12.223120Z[0m [32m INFO[0m [2mcatacomb::backend::udev[0m[2m:[0m [2m766:[0m   [#17] 720x576 @ 0.05Hz (Flags: 0xa)
[2m2026-02-01T14:37:12.223121Z[0m [32m INFO[0m [2mcatacomb::backend::udev[0m[2m:[0m [2m766:[0m   [#18] 4096x2160 @ 0.03Hz (Flags: 0x5)
[2m2026-02-01T14:37:12.223122Z[0m [32m INFO[0m [2mcatacomb::backend::udev[0m[2m:[0m [2m766:[0m   [#19] 3840x2160 @ 0.03Hz (Flags: 0x5)
[2m2026-02-01T14:37:12.223123Z[0m [32m INFO[0m [2mcatacomb::backend::udev[0m[2m:[0m [2m766:[0m   [#20] 4096x2160 @ 0.03Hz (Flags: 0x5)
[2m2026-02-01T14:37:12.223124Z[0m [32m INFO[0m [2mcatacomb::backend::udev[0m[2m:[0m [2m766:[0m   [#21] 3840x2160 @ 0.03Hz (Flags: 0x5)
[2m2026-02-01T14:37:12.223125Z[0m [32m INFO[0m [2mcatacomb::backend::udev[0m[2m:[0m [2m766:[0m   [#22] 4096x2160 @ 0.02Hz (Flags: 0x5)
[2m2026-02-01T14:37:12.223127Z[0m [32m INFO[0m [2mcatacomb::backend::udev[0m[2m:[0m [2m766:[0m   [#23] 4096x2160 @ 0.02Hz (Flags: 0x5)
[2m2026-02-01T14:37:12.223128Z[0m [32m INFO[0m [2mcatacomb::backend::udev[0m[2m:[0m [2m766:[0m   [#24] 3840x2160 @ 0.02Hz (Flags: 0x5)
[2m2026-02-01T14:37:12.223129Z[0m [32m INFO[0m [2mcatacomb::backend::udev[0m[2m:[0m [2m770:[0m 🚀 Attempting Mode #0: Mode { name: "3840x2160", clock: 594000, size: (3840, 2160), hsync: (4016, 4104, 4400), vsync: (2168, 2178, 2250), hskew: 0, vscan: 0, vrefresh: 60, mode_type: ModeTypeFlags(PREFERRED) }
[2m2026-02-01T14:37:12.223133Z[0m [32m INFO[0m [2mcatacomb::backend::udev[0m[2m:[0m [2m794:[0m DEBUG: 4K Mode Flags Check. Current: 0x5, Target: 0x8005
[2m2026-02-01T14:37:12.223134Z[0m [32m INFO[0m [2mcatacomb::backend::udev[0m[2m:[0m [2m799:[0m 🔧 Forced YCbCr420_ONLY (0x8000) for 4K mode. Old flags: 0x5, New flags: 0x8005
[2m2026-02-01T14:37:12.224032Z[0m [32m INFO[0m [1mdrm_atomic[0m[2m:[0m[1mcreate_surface[0m[1m{[0m[3mcrtc[0m[2m=[0mcrtc::Handle(62) [3mmode[0m[2m=[0mMode { name: "3840x2160", clock: 594000, size: (3840, 2160), hsync: (4016, 4104, 4400), vsync: (2168, 2178, 2250), hskew: 0, vscan: 0, vrefresh: 60, mode_type: ModeTypeFlags(PREFERRED) } [3mconnectors[0m[2m=[0m[connector::Handle(128)][1m}[0m[2m:[0m[1mdrm_atomic[0m[1m{[0m[3mcrtc[0m[2m=[0mcrtc::Handle(62)[1m}[0m[2m:[0m [2msmithay::backend::drm::surface::atomic[0m[2m:[0m [2m190:[0m Initializing drm surface (crtc::Handle(62):plane::Handle(51)) with mode Mode { name: "3840x2160", clock: 594000, size: (3840, 2160), hsync: (4016, 4104, 4400), vsync: (2168, 2178, 2250), hskew: 0, vscan: 0, vrefresh: 60, mode_type: ModeTypeFlags(PREFERRED) } and connectors [connector::Handle(128)]
[2m2026-02-01T14:37:12.224129Z[0m [32m INFO[0m [1mnew[0m[1m{[0m[3mname[0m[2m=[0m"HDMIA" [3mphysical[0m[2m=[0mPhysicalProperties { size: Size<smithay::utils::geometry::Raw> { w: 1440, h: 810 }, subpixel: Unknown, make: "Catacomb", model: "Generic DRM", serial_number: "Unknown" }[1m}[0m[2m:[0m [2msmithay::output[0m[2m:[0m [2m262:[0m Creating new Output [3mname[0m[2m=[0m"HDMIA"
[2m2026-02-01T14:37:12.224135Z[0m [32m INFO[0m [2msmithay::wayland::output[0m[2m:[0m [2m208:[0m Creating new wl_output [3moutput[0m[2m=[0m"HDMIA"
[2m2026-02-01T14:37:12.230412Z[0m [32m INFO[0m [2mcatacomb::backend::udev[0m[2m:[0m [2m871:[0m ✅ Successfully created DrmCompositor with mode #0: Mode { name: "3840x2160", clock: 594000, size: (3840, 2160), hsync: (4016, 4104, 4400), vsync: (2168, 2178, 2250), hskew: 0, vscan: 0, vrefresh: 60, mode_type: ModeTypeFlags(PREFERRED) }
[2m2026-02-01T14:37:12.230432Z[0m [32m INFO[0m [2mcatacomb::backend::udev[0m[2m:[0m [2m151:[0m ✅ Device added successfully, starting frame creation.
[2m2026-02-01T14:37:12.241522Z[0m [32m INFO[0m [2msmithay::backend::drm::surface::atomic[0m[2m:[0m [2m768:[0m Adding connector: HDMIA
[2m2026-02-01T14:37:12.241529Z[0m [32m INFO[0m [2msmithay::backend::drm::surface::atomic[0m[2m:[0m [2m775:[0m Setting new mode: "3840x2160"
[2m2026-02-01T14:37:12.252755Z[0m [33m WARN[0m [2msmithay::backend::drm::surface::atomic[0m[2m:[0m [2m803:[0m Failed to destroy old mode property blob: No such file or directory (os error 2)
[2m2026-02-01T14:37:12.318118Z[0m [33m WARN[0m [2mcalloop::loop_logic[0m[2m:[0m [2m605:[0m Received an event for non-existent source [3mreg_token[0m[2m=[0mTokenInner { id: 10, version: 0, sub_id: 0 }
Connected to Catacomb IPC.
[2m2026-02-01T14:37:12.318323Z[0m [32m INFO[0m [2msmithay::backend::udev[0m[2m:[0m [2m182:[0m Device changed: #57857
[2m2026-02-01T14:37:12.357176Z[0m [31mERROR[0m [1mdrm_atomic[0m[2m:[0m [2msmithay::backend::drm::device::atomic[0m[2m:[0m [2m273:[0m Failed to restore previous state. Error: Invalid argument (os error 22)
[2m2026-02-01T14:37:12.357194Z[0m [32m INFO[0m [2msmithay::backend::drm::device::fd[0m[2m:[0m [2m24:[0m Dropping device: Some("/dev/dri/card1")
[2m2026-02-01T14:37:12.357466Z[0m [31mERROR[0m [2mcatacomb::backend::udev[0m[2m:[0m [2m122:[0m Failed to open device: Resource temporarily unavailable (os error 11)
[2m2026-02-01T14:37:12.357522Z[0m [32m INFO[0m [2msmithay::backend::udev[0m[2m:[0m [2m182:[0m Device changed: #57857
error in client communication (pid 1908)
[2m2026-02-01T14:37:12.373547Z[0m [31mERROR[0m [2msmithay::xwayland::xserver[0m[2m:[0m [2m382:[0m Xwayland terminated: exit status: 1
🔊 Setting up audio...
✅ HDMI Audio set as default (if found)
Failure: No such entity
📝 Jolly Home logs will be written to: /home/jolly/jolly-home.log
🏠 Spawning Jolly Home from: "/var/home/jolly/phs/jollypad/target/release/jolly-home"
✅ Jolly Startup completed.
[2m2026-02-01T14:37:12.535859Z[0m [33m WARN[0m [2msmithay::wayland::dmabuf[0m[2m:[0m [2m983:[0m Compositor bug: Server ignored ImportNotifier for ZwpLinuxBufferParamsV1 { id: ObjectId(zwp_linux_buffer_params_v1@41), version: 4, data: Some(Any { .. }), handle: WeakHandle { handle: WeakInnerHandle[sys] { .. } } }
[2m2026-02-01T14:37:12.537021Z[0m [33m WARN[0m [2msmithay::wayland::dmabuf[0m[2m:[0m [2m983:[0m Compositor bug: Server ignored ImportNotifier for ZwpLinuxBufferParamsV1 { id: ObjectId(zwp_linux_buffer_params_v1@43), version: 4, data: Some(Any { .. }), handle: WeakHandle { handle: WeakInnerHandle[sys] { .. } } }
[2m2026-02-01T14:37:12.607730Z[0m [31mERROR[0m [2mcatacomb::backend::udev[0m[2m:[0m [2m362:[0m Failed to open device: Resource temporarily unavailable (os error 11)
[2m2026-02-01T14:37:13.278416Z[0m [33m WARN[0m [2msmithay::wayland::dmabuf[0m[2m:[0m [2m983:[0m Compositor bug: Server ignored ImportNotifier for ZwpLinuxBufferParamsV1 { id: ObjectId(zwp_linux_buffer_params_v1@44), version: 4, data: Some(Any { .. }), handle: WeakHandle { handle: WeakInnerHandle[sys] { .. } } }
[2m2026-02-01T14:37:20.624497Z[0m [32m INFO[0m [2msmithay::backend::udev[0m[2m:[0m [2m182:[0m Device changed: #57857
[2m2026-02-01T14:37:28.793442Z[0m [32m INFO[0m [2msmithay::backend::udev[0m[2m:[0m [2m182:[0m Device changed: #57857
[2m2026-02-01T14:37:36.965386Z[0m [32m INFO[0m [2msmithay::backend::udev[0m[2m:[0m [2m182:[0m Device changed: #57857
[2m2026-02-01T14:37:45.134098Z[0m [32m INFO[0m [2msmithay::backend::udev[0m[2m:[0m [2m182:[0m Device changed: #57857
